<?xml version="1.0" encoding="UTF-8"?>
<!-- Generated by org.testng.reporters.JUnitReportReporter -->
<testsuite skipped="0" hostname="LAPTOP-ED9GMH4F" name="com.TestRunner.TestRunner" tests="3" failures="0" timestamp="15 Nov 2020 05:42:59 GMT" time="4.237" errors="0">
  <testcase name="tc2" time="0.207" classname="com.TestRunner.TestRunner"/>
  <testcase name="tc3" time="3.460" classname="com.TestRunner.TestRunner"/>
  <testcase name="tc1" time="0.570" classname="com.TestRunner.TestRunner"/>
</testsuite> <!-- com.TestRunner.TestRunner -->
